<?xml version="1.0" encoding="UTF-8"?>
<robot generator="Robot 3.1.2 (Python 3.8.1 on win32)" generated="20200430 22:23:51.149" rpa="false">
<suite id="s1" name="Testpractice" source="D:\RobotScripts\AME_TestPractice\test\testpractice.robot">
<kw name="Inicia cenario" library="Common" type="setup">
<kw name="Open Browser" library="SeleniumLibrary">
<doc>Opens a new browser instance to the given ``url``.</doc>
<arguments>
<arg>about:blank</arg>
<arg>${BROWSER}</arg>
</arguments>
<msg timestamp="20200430 22:23:51.812" level="INFO">Opening browser 'headlessfirefox' to base url 'about:blank'.</msg>
<status status="PASS" starttime="20200430 22:23:51.812" endtime="20200430 22:23:57.646"></status>
</kw>
<kw name="Set Window Size" library="SeleniumLibrary">
<doc>Sets current windows size to given ``width`` and ``height``.</doc>
<arguments>
<arg>1200</arg>
<arg>800</arg>
</arguments>
<status status="PASS" starttime="20200430 22:23:57.646" endtime="20200430 22:23:57.678"></status>
</kw>
<kw name="Set Selenium Implicit Wait" library="SeleniumLibrary">
<doc>Sets the implicit wait value used by Selenium.</doc>
<arguments>
<arg>7</arg>
</arguments>
<status status="PASS" starttime="20200430 22:23:57.678" endtime="20200430 22:23:57.678"></status>
</kw>
<kw name="Gera nova massa de teste" library="DataElements">
<kw name="Email" library="FakerLibrary">
<assign>
<var>${temp_email}</var>
</assign>
<msg timestamp="20200430 22:23:57.678" level="INFO">${temp_email} = smithsonya@gmail.com</msg>
<status status="PASS" starttime="20200430 22:23:57.678" endtime="20200430 22:23:57.678"></status>
</kw>
<kw name="First Name" library="FakerLibrary">
<assign>
<var>${temp_fname}</var>
</assign>
<msg timestamp="20200430 22:23:57.678" level="INFO">${temp_fname} = Ryan</msg>
<status status="PASS" starttime="20200430 22:23:57.678" endtime="20200430 22:23:57.678"></status>
</kw>
<kw name="Last Name" library="FakerLibrary">
<assign>
<var>${temp_lname}</var>
</assign>
<msg timestamp="20200430 22:23:57.678" level="INFO">${temp_lname} = Gonzales</msg>
<status status="PASS" starttime="20200430 22:23:57.678" endtime="20200430 22:23:57.678"></status>
</kw>
<kw name="Set Global Variable" library="BuiltIn">
<doc>Makes a variable available globally in all tests and suites.</doc>
<arguments>
<arg>${FIRST_NAME}</arg>
<arg>${temp_fname}</arg>
</arguments>
<msg timestamp="20200430 22:23:57.678" level="INFO">${FIRST_NAME} = Ryan</msg>
<status status="PASS" starttime="20200430 22:23:57.678" endtime="20200430 22:23:57.693"></status>
</kw>
<kw name="Set Global Variable" library="BuiltIn">
<doc>Makes a variable available globally in all tests and suites.</doc>
<arguments>
<arg>${LAST_NAME}</arg>
<arg>${temp_lname}</arg>
</arguments>
<msg timestamp="20200430 22:23:57.693" level="INFO">${LAST_NAME} = Gonzales</msg>
<status status="PASS" starttime="20200430 22:23:57.693" endtime="20200430 22:23:57.693"></status>
</kw>
<kw name="Set Global Variable" library="BuiltIn">
<doc>Makes a variable available globally in all tests and suites.</doc>
<arguments>
<arg>${EMAIL}</arg>
<arg>${temp_email}</arg>
</arguments>
<msg timestamp="20200430 22:23:57.693" level="INFO">${EMAIL} = smithsonya@gmail.com</msg>
<status status="PASS" starttime="20200430 22:23:57.693" endtime="20200430 22:23:57.693"></status>
</kw>
<kw name="Log" library="BuiltIn">
<doc>Logs the given message with the given level.</doc>
<arguments>
<arg>${FIRST_NAME}</arg>
</arguments>
<msg timestamp="20200430 22:23:57.693" level="INFO">Ryan</msg>
<status status="PASS" starttime="20200430 22:23:57.693" endtime="20200430 22:23:57.693"></status>
</kw>
<kw name="Log" library="BuiltIn">
<doc>Logs the given message with the given level.</doc>
<arguments>
<arg>${LAST_NAME}</arg>
</arguments>
<msg timestamp="20200430 22:23:57.693" level="INFO">Gonzales</msg>
<status status="PASS" starttime="20200430 22:23:57.693" endtime="20200430 22:23:57.693"></status>
</kw>
<kw name="Log" library="BuiltIn">
<doc>Logs the given message with the given level.</doc>
<arguments>
<arg>${EMAIL}</arg>
</arguments>
<msg timestamp="20200430 22:23:57.693" level="INFO">smithsonya@gmail.com</msg>
<status status="PASS" starttime="20200430 22:23:57.693" endtime="20200430 22:23:57.693"></status>
</kw>
<status status="PASS" starttime="20200430 22:23:57.678" endtime="20200430 22:23:57.693"></status>
</kw>
<status status="PASS" starttime="20200430 22:23:51.812" endtime="20200430 22:23:57.693"></status>
</kw>
<test id="s1-t1" name="CT001: Cadastrar usuário">
<kw name="Dado que estou na página de cadastro de usuário" library="TestPractice_web">
<kw name="Acessar a home page da aplicação" library="HomePage">
<kw name="Run Keyword And Return Status" library="BuiltIn">
<doc>Runs the given keyword with given arguments and returns the status as a Boolean value.</doc>
<arguments>
<arg>element should be visible</arg>
<arg>${USER_LOGADO}</arg>
</arguments>
<assign>
<var>${campo_nome}</var>
</assign>
<kw name="Element Should Be Visible" library="SeleniumLibrary">
<doc>Verifies that the element identified by ``locator`` is visible.</doc>
<arguments>
<arg>${USER_LOGADO}</arg>
</arguments>
<kw name="Capture Page Screenshot" library="SeleniumLibrary">
<doc>Takes screenshot of the current page and embeds it into log file.</doc>
<msg timestamp="20200430 22:24:04.783" level="INFO" html="yes">&lt;/td&gt;&lt;/tr&gt;&lt;tr&gt;&lt;td colspan="3"&gt;&lt;a href="selenium-screenshot-1.png"&gt;&lt;img src="selenium-screenshot-1.png" width="800px"&gt;&lt;/a&gt;</msg>
<status status="PASS" starttime="20200430 22:24:04.714" endtime="20200430 22:24:04.783"></status>
</kw>
<msg timestamp="20200430 22:24:04.783" level="FAIL">Element with locator 'xpath=//a[@class='account']' not found.</msg>
<status status="FAIL" starttime="20200430 22:23:57.698" endtime="20200430 22:24:04.783"></status>
</kw>
<msg timestamp="20200430 22:24:04.783" level="INFO">${campo_nome} = False</msg>
<status status="PASS" starttime="20200430 22:23:57.697" endtime="20200430 22:24:04.783"></status>
</kw>
<kw name="Run Keyword If" library="BuiltIn">
<doc>Runs the given keyword with the given arguments, if ``condition`` is true.</doc>
<arguments>
<arg>${campo_nome}</arg>
<arg>Deslogar da aplicação</arg>
</arguments>
<status status="PASS" starttime="20200430 22:24:04.783" endtime="20200430 22:24:04.783"></status>
</kw>
<kw name="Go To" library="SeleniumLibrary">
<doc>Navigates the active browser instance to the provided ``url``.</doc>
<arguments>
<arg>${URL}</arg>
</arguments>
<msg timestamp="20200430 22:24:04.783" level="INFO">Opening url 'http://automationpractice.com/'</msg>
<status status="PASS" starttime="20200430 22:24:04.783" endtime="20200430 22:24:10.802"></status>
</kw>
<kw name="Title Should Be" library="SeleniumLibrary">
<doc>Verifies that current page title equals ``title``.</doc>
<arguments>
<arg>${TIULO_AUT_PAGINA}</arg>
</arguments>
<msg timestamp="20200430 22:24:10.807" level="INFO">Page title is 'My Store'.</msg>
<status status="PASS" starttime="20200430 22:24:10.803" endtime="20200430 22:24:10.808"></status>
</kw>
<status status="PASS" starttime="20200430 22:23:57.697" endtime="20200430 22:24:10.808"></status>
</kw>
<kw name="Navegar para a tela de Cadastro e login" library="HomePage">
<kw name="Click Link" library="SeleniumLibrary">
<doc>Clicks a link identified by ``locator``.</doc>
<arguments>
<arg>${BTN_AUT_LOGIN}</arg>
</arguments>
<msg timestamp="20200430 22:24:10.809" level="INFO">Clicking link 'xpath=//a[@class='login']'.</msg>
<status status="PASS" starttime="20200430 22:24:10.809" endtime="20200430 22:24:12.875"></status>
</kw>
<kw name="Wait Until Page Contains" library="SeleniumLibrary">
<doc>Waits until ``text`` appears on current page.</doc>
<arguments>
<arg>${LABEL_AUT_LOGIN}</arg>
</arguments>
<status status="PASS" starttime="20200430 22:24:12.876" endtime="20200430 22:24:12.897"></status>
</kw>
<status status="PASS" starttime="20200430 22:24:10.808" endtime="20200430 22:24:12.897"></status>
</kw>
<status status="PASS" starttime="20200430 22:23:57.697" endtime="20200430 22:24:12.897"></status>
</kw>
<kw name="Quando eu efetuo um novo cadastro" library="TestPractice_web">
<kw name="Informar email e avançar para formulario" library="AuthenticationPage">
<kw name="Input Text" library="SeleniumLibrary">
<doc>Types the given ``text`` into text field identified by ``locator``.</doc>
<arguments>
<arg>${INPUT_EMAIL}</arg>
<arg>${EMAIL}</arg>
</arguments>
<msg timestamp="20200430 22:24:12.916" level="INFO">Typing text 'smithsonya@gmail.com' into text field 'id=email_create'.</msg>
<status status="PASS" starttime="20200430 22:24:12.915" endtime="20200430 22:24:12.977"></status>
</kw>
<kw name="Click Button" library="SeleniumLibrary">
<doc>Clicks button identified by ``locator``.</doc>
<arguments>
<arg>${BTN_CADASTRO}</arg>
</arguments>
<msg timestamp="20200430 22:24:12.978" level="INFO">Clicking button 'id=SubmitCreate'.</msg>
<status status="PASS" starttime="20200430 22:24:12.978" endtime="20200430 22:24:13.261"></status>
</kw>
<kw name="Wait Until Page Contains" library="SeleniumLibrary">
<doc>Waits until ``text`` appears on current page.</doc>
<arguments>
<arg>${ESPERA_LABEL}</arg>
</arguments>
<status status="PASS" starttime="20200430 22:24:13.261" endtime="20200430 22:24:13.283"></status>
</kw>
<status status="PASS" starttime="20200430 22:24:12.915" endtime="20200430 22:24:13.283"></status>
</kw>
<kw name="Preencher formulario de cadastro" library="AddFormPage">
<kw name="Click Element" library="SeleniumLibrary">
<doc>Click element identified by ``locator``.</doc>
<arguments>
<arg>${CAMPO_GENERO}</arg>
</arguments>
<msg timestamp="20200430 22:24:13.283" level="INFO">Clicking element 'id=uniform-id_gender1'.</msg>
<status status="PASS" starttime="20200430 22:24:13.283" endtime="20200430 22:24:15.307"></status>
</kw>
<kw name="Input Text" library="SeleniumLibrary">
<doc>Types the given ``text`` into text field identified by ``locator``.</doc>
<arguments>
<arg>${CAMPO_CUST_FNAME}</arg>
<arg>${FIRST_NAME}</arg>
</arguments>
<msg timestamp="20200430 22:24:15.314" level="INFO">Typing text 'Ryan' into text field 'id=customer_firstname'.</msg>
<status status="PASS" starttime="20200430 22:24:15.307" endtime="20200430 22:24:15.373"></status>
</kw>
<kw name="Input Text" library="SeleniumLibrary">
<doc>Types the given ``text`` into text field identified by ``locator``.</doc>
<arguments>
<arg>${CAMPO_CUST_LNAME}</arg>
<arg>${LAST_NAME}</arg>
</arguments>
<msg timestamp="20200430 22:24:15.374" level="INFO">Typing text 'Gonzales' into text field 'id=customer_lastname'.</msg>
<status status="PASS" starttime="20200430 22:24:15.373" endtime="20200430 22:24:15.409"></status>
</kw>
<kw name="Input Text" library="SeleniumLibrary">
<doc>Types the given ``text`` into text field identified by ``locator``.</doc>
<arguments>
<arg>${CAMPO_FORM_EMAIL}</arg>
<arg>${EMAIL}</arg>
</arguments>
<msg timestamp="20200430 22:24:15.409" level="INFO">Typing text 'smithsonya@gmail.com' into text field 'id=email'.</msg>
<status status="PASS" starttime="20200430 22:24:15.409" endtime="20200430 22:24:15.455"></status>
</kw>
<kw name="Input Text" library="SeleniumLibrary">
<doc>Types the given ``text`` into text field identified by ``locator``.</doc>
<arguments>
<arg>${CAMPO_FORM_PASS}</arg>
<arg>${PASSWORD}</arg>
</arguments>
<msg timestamp="20200430 22:24:15.456" level="INFO">Typing text 'pass123' into text field 'id=passwd'.</msg>
<status status="PASS" starttime="20200430 22:24:15.456" endtime="20200430 22:24:15.487"></status>
</kw>
<kw name="Select From List By Value" library="SeleniumLibrary">
<doc>Selects options from selection list ``locator`` by ``values``.</doc>
<arguments>
<arg>${CAMPO_DIA}</arg>
<arg>${OPCAO_DIA}</arg>
</arguments>
<msg timestamp="20200430 22:24:15.488" level="INFO">Selecting options from selection list 'id=days' by value 10.</msg>
<status status="PASS" starttime="20200430 22:24:15.487" endtime="20200430 22:24:15.771"></status>
</kw>
<kw name="Select From List By Value" library="SeleniumLibrary">
<doc>Selects options from selection list ``locator`` by ``values``.</doc>
<arguments>
<arg>${CAMPO_MES}</arg>
<arg>${OPCAO_MES}</arg>
</arguments>
<msg timestamp="20200430 22:24:15.778" level="INFO">Selecting options from selection list 'id=months' by value 5.</msg>
<status status="PASS" starttime="20200430 22:24:15.778" endtime="20200430 22:24:16.064"></status>
</kw>
<kw name="Select From List By Value" library="SeleniumLibrary">
<doc>Selects options from selection list ``locator`` by ``values``.</doc>
<arguments>
<arg>${CAMPO_ANO}</arg>
<arg>${OPCAO_ANO}</arg>
</arguments>
<msg timestamp="20200430 22:24:16.064" level="INFO">Selecting options from selection list 'id=years' by value 1990.</msg>
<status status="PASS" starttime="20200430 22:24:16.064" endtime="20200430 22:24:16.377"></status>
</kw>
<kw name="Input Text" library="SeleniumLibrary">
<doc>Types the given ``text`` into text field identified by ``locator``.</doc>
<arguments>
<arg>${CAMPO_FIRSTNAME}</arg>
<arg>${FIRST_NAME}</arg>
</arguments>
<msg timestamp="20200430 22:24:16.377" level="INFO">Typing text 'Ryan' into text field 'id=firstname'.</msg>
<status status="PASS" starttime="20200430 22:24:16.377" endtime="20200430 22:24:16.446"></status>
</kw>
<kw name="Input Text" library="SeleniumLibrary">
<doc>Types the given ``text`` into text field identified by ``locator``.</doc>
<arguments>
<arg>${CAMPO_LASTNAME}</arg>
<arg>${LAST_NAME}</arg>
</arguments>
<msg timestamp="20200430 22:24:16.446" level="INFO">Typing text 'Gonzales' into text field 'id=lastname'.</msg>
<status status="PASS" starttime="20200430 22:24:16.446" endtime="20200430 22:24:16.477"></status>
</kw>
<kw name="Input Text" library="SeleniumLibrary">
<doc>Types the given ``text`` into text field identified by ``locator``.</doc>
<arguments>
<arg>${CAMPO_COMPANY}</arg>
<arg>${COMPANY}</arg>
</arguments>
<msg timestamp="20200430 22:24:16.477" level="INFO">Typing text 'AME Digital' into text field 'id=company'.</msg>
<status status="PASS" starttime="20200430 22:24:16.477" endtime="20200430 22:24:16.515"></status>
</kw>
<kw name="Input Text" library="SeleniumLibrary">
<doc>Types the given ``text`` into text field identified by ``locator``.</doc>
<arguments>
<arg>${CAMPO_ADDRESS}</arg>
<arg>${ADDRESS}</arg>
</arguments>
<msg timestamp="20200430 22:24:16.515" level="INFO">Typing text 'Av Endereço, 12' into text field 'id=address1'.</msg>
<status status="PASS" starttime="20200430 22:24:16.515" endtime="20200430 22:24:16.563"></status>
</kw>
<kw name="Input Text" library="SeleniumLibrary">
<doc>Types the given ``text`` into text field identified by ``locator``.</doc>
<arguments>
<arg>${CAMPO_CITY}</arg>
<arg>${CITY}</arg>
</arguments>
<msg timestamp="20200430 22:24:16.564" level="INFO">Typing text 'São Paulo' into text field 'id=city'.</msg>
<status status="PASS" starttime="20200430 22:24:16.563" endtime="20200430 22:24:16.592"></status>
</kw>
<kw name="Select From List By Value" library="SeleniumLibrary">
<doc>Selects options from selection list ``locator`` by ``values``.</doc>
<arguments>
<arg>${CAMPO_ESTADO}</arg>
<arg>${OPCAO_ESTADO}</arg>
</arguments>
<msg timestamp="20200430 22:24:16.593" level="INFO">Selecting options from selection list 'id=id_state' by value 44.</msg>
<status status="PASS" starttime="20200430 22:24:16.593" endtime="20200430 22:24:16.847"></status>
</kw>
<kw name="Input Text" library="SeleniumLibrary">
<doc>Types the given ``text`` into text field identified by ``locator``.</doc>
<arguments>
<arg>${CAMPO_POSTCODE}</arg>
<arg>${POSTCODE}</arg>
</arguments>
<msg timestamp="20200430 22:24:16.847" level="INFO">Typing text '12345' into text field 'id=postcode'.</msg>
<status status="PASS" starttime="20200430 22:24:16.847" endtime="20200430 22:24:16.885"></status>
</kw>
<kw name="Input Text" library="SeleniumLibrary">
<doc>Types the given ``text`` into text field identified by ``locator``.</doc>
<arguments>
<arg>${CAMPO_MOBILE}</arg>
<arg>${PHONE}</arg>
</arguments>
<msg timestamp="20200430 22:24:16.885" level="INFO">Typing text '11992211211' into text field 'id=phone_mobile'.</msg>
<status status="PASS" starttime="20200430 22:24:16.885" endtime="20200430 22:24:16.932"></status>
</kw>
<kw name="Input Text" library="SeleniumLibrary">
<doc>Types the given ``text`` into text field identified by ``locator``.</doc>
<arguments>
<arg>${CAMPO_ALIAS}</arg>
<arg>${ALIAS}</arg>
</arguments>
<msg timestamp="20200430 22:24:16.932" level="INFO">Typing text 'Casa' into text field 'id=alias'.</msg>
<status status="PASS" starttime="20200430 22:24:16.932" endtime="20200430 22:24:16.963"></status>
</kw>
<status status="PASS" starttime="20200430 22:24:13.283" endtime="20200430 22:24:16.963"></status>
</kw>
<status status="PASS" starttime="20200430 22:24:12.914" endtime="20200430 22:24:16.963"></status>
</kw>
<kw name="Então o sistema exibe mesagem de boas vindas" library="TestPractice_web">
<kw name="Concluir cadastro válido" library="AddFormPage">
<kw name="Click Button" library="SeleniumLibrary">
<doc>Clicks button identified by ``locator``.</doc>
<arguments>
<arg>${BTN_SUBMIT_FORM}</arg>
</arguments>
<msg timestamp="20200430 22:24:16.977" level="INFO">Clicking button 'id=submitAccount'.</msg>
<status status="PASS" starttime="20200430 22:24:16.976" endtime="20200430 22:24:18.605"></status>
</kw>
<kw name="Page Should Contain" library="SeleniumLibrary">
<doc>Verifies that current page contains ``text``.</doc>
<arguments>
<arg>${MES_CADASTRO}</arg>
</arguments>
<msg timestamp="20200430 22:24:18.652" level="INFO">Current page contains text 'Welcome to your account. Here you can manage all of your personal information and orders.'.</msg>
<status status="PASS" starttime="20200430 22:24:18.605" endtime="20200430 22:24:18.652"></status>
</kw>
<status status="PASS" starttime="20200430 22:24:16.976" endtime="20200430 22:24:18.652"></status>
</kw>
<status status="PASS" starttime="20200430 22:24:16.976" endtime="20200430 22:24:18.652"></status>
</kw>
<kw name="Finaliza teste" library="Common" type="teardown">
<kw name="Capture Page Screenshot" library="SeleniumLibrary">
<doc>Takes screenshot of the current page and embeds it into log file.</doc>
<msg timestamp="20200430 22:24:18.760" level="INFO" html="yes">&lt;/td&gt;&lt;/tr&gt;&lt;tr&gt;&lt;td colspan="3"&gt;&lt;a href="selenium-screenshot-2.png"&gt;&lt;img src="selenium-screenshot-2.png" width="800px"&gt;&lt;/a&gt;</msg>
<status status="PASS" starttime="20200430 22:24:18.653" endtime="20200430 22:24:18.760"></status>
</kw>
<status status="PASS" starttime="20200430 22:24:18.653" endtime="20200430 22:24:18.760"></status>
</kw>
<doc>RN01: Deve ser possível cadastrar um usuário em formulário especifico</doc>
<tags>
<tag>smoke</tag>
</tags>
<status status="PASS" starttime="20200430 22:23:57.693" endtime="20200430 22:24:18.760" critical="yes"></status>
</test>
<test id="s1-t2" name="CT002: Efetuar login com sucesso">
<kw name="Dado que estou na página de login" library="TestPractice_web">
<kw name="Acessar a home page da aplicação" library="HomePage">
<kw name="Run Keyword And Return Status" library="BuiltIn">
<doc>Runs the given keyword with given arguments and returns the status as a Boolean value.</doc>
<arguments>
<arg>element should be visible</arg>
<arg>${USER_LOGADO}</arg>
</arguments>
<assign>
<var>${campo_nome}</var>
</assign>
<kw name="Element Should Be Visible" library="SeleniumLibrary">
<doc>Verifies that the element identified by ``locator`` is visible.</doc>
<arguments>
<arg>${USER_LOGADO}</arg>
</arguments>
<msg timestamp="20200430 22:24:18.794" level="INFO">Element 'xpath=//a[@class='account']' is displayed.</msg>
<status status="PASS" starttime="20200430 22:24:18.771" endtime="20200430 22:24:18.795"></status>
</kw>
<msg timestamp="20200430 22:24:18.795" level="INFO">${campo_nome} = True</msg>
<status status="PASS" starttime="20200430 22:24:18.771" endtime="20200430 22:24:18.795"></status>
</kw>
<kw name="Run Keyword If" library="BuiltIn">
<doc>Runs the given keyword with the given arguments, if ``condition`` is true.</doc>
<arguments>
<arg>${campo_nome}</arg>
<arg>Deslogar da aplicação</arg>
</arguments>
<kw name="Deslogar da aplicação" library="AuthenticationPage">
<kw name="Click Link" library="SeleniumLibrary">
<doc>Clicks a link identified by ``locator``.</doc>
<arguments>
<arg>${LINK_LOGOUT}</arg>
</arguments>
<msg timestamp="20200430 22:24:18.797" level="INFO">Clicking link 'xpath=//a[@class='logout']'.</msg>
<status status="PASS" starttime="20200430 22:24:18.796" endtime="20200430 22:24:20.877"></status>
</kw>
<status status="PASS" starttime="20200430 22:24:18.796" endtime="20200430 22:24:20.877"></status>
</kw>
<status status="PASS" starttime="20200430 22:24:18.795" endtime="20200430 22:24:20.877"></status>
</kw>
<kw name="Go To" library="SeleniumLibrary">
<doc>Navigates the active browser instance to the provided ``url``.</doc>
<arguments>
<arg>${URL}</arg>
</arguments>
<msg timestamp="20200430 22:24:20.877" level="INFO">Opening url 'http://automationpractice.com/'</msg>
<status status="PASS" starttime="20200430 22:24:20.877" endtime="20200430 22:24:23.374"></status>
</kw>
<kw name="Title Should Be" library="SeleniumLibrary">
<doc>Verifies that current page title equals ``title``.</doc>
<arguments>
<arg>${TIULO_AUT_PAGINA}</arg>
</arguments>
<msg timestamp="20200430 22:24:23.374" level="INFO">Page title is 'My Store'.</msg>
<status status="PASS" starttime="20200430 22:24:23.374" endtime="20200430 22:24:23.374"></status>
</kw>
<status status="PASS" starttime="20200430 22:24:18.771" endtime="20200430 22:24:23.374"></status>
</kw>
<kw name="Navegar para a tela de Cadastro e login" library="HomePage">
<kw name="Click Link" library="SeleniumLibrary">
<doc>Clicks a link identified by ``locator``.</doc>
<arguments>
<arg>${BTN_AUT_LOGIN}</arg>
</arguments>
<msg timestamp="20200430 22:24:23.374" level="INFO">Clicking link 'xpath=//a[@class='login']'.</msg>
<status status="PASS" starttime="20200430 22:24:23.374" endtime="20200430 22:24:24.978"></status>
</kw>
<kw name="Wait Until Page Contains" library="SeleniumLibrary">
<doc>Waits until ``text`` appears on current page.</doc>
<arguments>
<arg>${LABEL_AUT_LOGIN}</arg>
</arguments>
<status status="PASS" starttime="20200430 22:24:24.978" endtime="20200430 22:24:24.993"></status>
</kw>
<status status="PASS" starttime="20200430 22:24:23.374" endtime="20200430 22:24:24.993"></status>
</kw>
<status status="PASS" starttime="20200430 22:24:18.770" endtime="20200430 22:24:24.993"></status>
</kw>
<kw name="Quando eu efetuo um login válido" library="TestPractice_web">
<kw name="Logar na aplicação" library="AuthenticationPage">
<arguments>
<arg>${EMAIL}</arg>
<arg>${PASSWORD}</arg>
</arguments>
<kw name="Input Text" library="SeleniumLibrary">
<doc>Types the given ``text`` into text field identified by ``locator``.</doc>
<arguments>
<arg>${CAMPO_EMAIL}</arg>
<arg>${email_login}</arg>
</arguments>
<msg timestamp="20200430 22:24:25.003" level="INFO">Typing text 'smithsonya@gmail.com' into text field 'id=email'.</msg>
<status status="PASS" starttime="20200430 22:24:25.002" endtime="20200430 22:24:25.093"></status>
</kw>
<kw name="Input Text" library="SeleniumLibrary">
<doc>Types the given ``text`` into text field identified by ``locator``.</doc>
<arguments>
<arg>${CAMPO_PASSWORD}</arg>
<arg>${pass_login}</arg>
</arguments>
<msg timestamp="20200430 22:24:25.093" level="INFO">Typing text 'pass123' into text field 'id=passwd'.</msg>
<status status="PASS" starttime="20200430 22:24:25.093" endtime="20200430 22:24:25.131"></status>
</kw>
<kw name="Click Button" library="SeleniumLibrary">
<doc>Clicks button identified by ``locator``.</doc>
<arguments>
<arg>${BTN_LOGIN}</arg>
</arguments>
<msg timestamp="20200430 22:24:25.131" level="INFO">Clicking button 'id=SubmitLogin'.</msg>
<status status="PASS" starttime="20200430 22:24:25.131" endtime="20200430 22:24:26.723"></status>
</kw>
<status status="PASS" starttime="20200430 22:24:25.001" endtime="20200430 22:24:26.723"></status>
</kw>
<status status="PASS" starttime="20200430 22:24:25.001" endtime="20200430 22:24:26.723"></status>
</kw>
<kw name="Então o sistema exibe o meu nome na área logada" library="TestPractice_web">
<kw name="Validar login de participante" library="AuthenticationPage">
<kw name="Page Should Contain Element" library="SeleniumLibrary">
<doc>Verifies that element ``locator`` is found on the current page.</doc>
<arguments>
<arg>xpath=//a[@title='View my customer account']/span[.='${FIRST_NAME} ${LAST_NAME}']</arg>
</arguments>
<msg timestamp="20200430 22:24:26.751" level="INFO">Current page contains element 'xpath=//a[@title='View my customer account']/span[.='Ryan Gonzales']'.</msg>
<status status="PASS" starttime="20200430 22:24:26.739" endtime="20200430 22:24:26.751"></status>
</kw>
<status status="PASS" starttime="20200430 22:24:26.738" endtime="20200430 22:24:26.752"></status>
</kw>
<status status="PASS" starttime="20200430 22:24:26.738" endtime="20200430 22:24:26.752"></status>
</kw>
<kw name="Finaliza teste" library="Common" type="teardown">
<kw name="Capture Page Screenshot" library="SeleniumLibrary">
<doc>Takes screenshot of the current page and embeds it into log file.</doc>
<msg timestamp="20200430 22:24:26.844" level="INFO" html="yes">&lt;/td&gt;&lt;/tr&gt;&lt;tr&gt;&lt;td colspan="3"&gt;&lt;a href="selenium-screenshot-3.png"&gt;&lt;img src="selenium-screenshot-3.png" width="800px"&gt;&lt;/a&gt;</msg>
<status status="PASS" starttime="20200430 22:24:26.755" endtime="20200430 22:24:26.844"></status>
</kw>
<status status="PASS" starttime="20200430 22:24:26.754" endtime="20200430 22:24:26.844"></status>
</kw>
<doc>RN02: Deve ser possível logar-se na aplicação</doc>
<tags>
<tag>smoke</tag>
</tags>
<status status="PASS" starttime="20200430 22:24:18.769" endtime="20200430 22:24:26.844" critical="yes"></status>
</test>
<test id="s1-t3" name="CT003: Login com dados inválidos">
<kw name="Dado que estou na página de login" library="TestPractice_web">
<kw name="Acessar a home page da aplicação" library="HomePage">
<kw name="Run Keyword And Return Status" library="BuiltIn">
<doc>Runs the given keyword with given arguments and returns the status as a Boolean value.</doc>
<arguments>
<arg>element should be visible</arg>
<arg>${USER_LOGADO}</arg>
</arguments>
<assign>
<var>${campo_nome}</var>
</assign>
<kw name="Element Should Be Visible" library="SeleniumLibrary">
<doc>Verifies that the element identified by ``locator`` is visible.</doc>
<arguments>
<arg>${USER_LOGADO}</arg>
</arguments>
<msg timestamp="20200430 22:24:26.892" level="INFO">Element 'xpath=//a[@class='account']' is displayed.</msg>
<status status="PASS" starttime="20200430 22:24:26.861" endtime="20200430 22:24:26.892"></status>
</kw>
<msg timestamp="20200430 22:24:26.893" level="INFO">${campo_nome} = True</msg>
<status status="PASS" starttime="20200430 22:24:26.860" endtime="20200430 22:24:26.893"></status>
</kw>
<kw name="Run Keyword If" library="BuiltIn">
<doc>Runs the given keyword with the given arguments, if ``condition`` is true.</doc>
<arguments>
<arg>${campo_nome}</arg>
<arg>Deslogar da aplicação</arg>
</arguments>
<kw name="Deslogar da aplicação" library="AuthenticationPage">
<kw name="Click Link" library="SeleniumLibrary">
<doc>Clicks a link identified by ``locator``.</doc>
<arguments>
<arg>${LINK_LOGOUT}</arg>
</arguments>
<msg timestamp="20200430 22:24:26.894" level="INFO">Clicking link 'xpath=//a[@class='logout']'.</msg>
<status status="PASS" starttime="20200430 22:24:26.894" endtime="20200430 22:24:28.934"></status>
</kw>
<status status="PASS" starttime="20200430 22:24:26.893" endtime="20200430 22:24:28.934"></status>
</kw>
<status status="PASS" starttime="20200430 22:24:26.893" endtime="20200430 22:24:28.934"></status>
</kw>
<kw name="Go To" library="SeleniumLibrary">
<doc>Navigates the active browser instance to the provided ``url``.</doc>
<arguments>
<arg>${URL}</arg>
</arguments>
<msg timestamp="20200430 22:24:28.935" level="INFO">Opening url 'http://automationpractice.com/'</msg>
<status status="PASS" starttime="20200430 22:24:28.934" endtime="20200430 22:24:31.267"></status>
</kw>
<kw name="Title Should Be" library="SeleniumLibrary">
<doc>Verifies that current page title equals ``title``.</doc>
<arguments>
<arg>${TIULO_AUT_PAGINA}</arg>
</arguments>
<msg timestamp="20200430 22:24:31.267" level="INFO">Page title is 'My Store'.</msg>
<status status="PASS" starttime="20200430 22:24:31.267" endtime="20200430 22:24:31.267"></status>
</kw>
<status status="PASS" starttime="20200430 22:24:26.860" endtime="20200430 22:24:31.267"></status>
</kw>
<kw name="Navegar para a tela de Cadastro e login" library="HomePage">
<kw name="Click Link" library="SeleniumLibrary">
<doc>Clicks a link identified by ``locator``.</doc>
<arguments>
<arg>${BTN_AUT_LOGIN}</arg>
</arguments>
<msg timestamp="20200430 22:24:31.267" level="INFO">Clicking link 'xpath=//a[@class='login']'.</msg>
<status status="PASS" starttime="20200430 22:24:31.267" endtime="20200430 22:24:32.929"></status>
</kw>
<kw name="Wait Until Page Contains" library="SeleniumLibrary">
<doc>Waits until ``text`` appears on current page.</doc>
<arguments>
<arg>${LABEL_AUT_LOGIN}</arg>
</arguments>
<status status="PASS" starttime="20200430 22:24:32.929" endtime="20200430 22:24:32.945"></status>
</kw>
<status status="PASS" starttime="20200430 22:24:31.267" endtime="20200430 22:24:32.945"></status>
</kw>
<status status="PASS" starttime="20200430 22:24:26.859" endtime="20200430 22:24:32.945"></status>
</kw>
<kw name="Quando eu efetuo um login com dados inválidos" library="TestPractice_web">
<arguments>
<arg>wgetgv2@dj94j.com</arg>
<arg>vtv2ergc</arg>
</arguments>
<kw name="Logar na aplicação" library="AuthenticationPage">
<arguments>
<arg>${email_login}</arg>
<arg>${pass_login}</arg>
</arguments>
<kw name="Input Text" library="SeleniumLibrary">
<doc>Types the given ``text`` into text field identified by ``locator``.</doc>
<arguments>
<arg>${CAMPO_EMAIL}</arg>
<arg>${email_login}</arg>
</arguments>
<msg timestamp="20200430 22:24:32.954" level="INFO">Typing text 'wgetgv2@dj94j.com' into text field 'id=email'.</msg>
<status status="PASS" starttime="20200430 22:24:32.954" endtime="20200430 22:24:33.011"></status>
</kw>
<kw name="Input Text" library="SeleniumLibrary">
<doc>Types the given ``text`` into text field identified by ``locator``.</doc>
<arguments>
<arg>${CAMPO_PASSWORD}</arg>
<arg>${pass_login}</arg>
</arguments>
<msg timestamp="20200430 22:24:33.011" level="INFO">Typing text 'vtv2ergc' into text field 'id=passwd'.</msg>
<status status="PASS" starttime="20200430 22:24:33.011" endtime="20200430 22:24:33.060"></status>
</kw>
<kw name="Click Button" library="SeleniumLibrary">
<doc>Clicks button identified by ``locator``.</doc>
<arguments>
<arg>${BTN_LOGIN}</arg>
</arguments>
<msg timestamp="20200430 22:24:33.060" level="INFO">Clicking button 'id=SubmitLogin'.</msg>
<status status="PASS" starttime="20200430 22:24:33.060" endtime="20200430 22:24:34.410"></status>
</kw>
<status status="PASS" starttime="20200430 22:24:32.953" endtime="20200430 22:24:34.410"></status>
</kw>
<status status="PASS" starttime="20200430 22:24:32.953" endtime="20200430 22:24:34.410"></status>
</kw>
<kw name="Então o sistema exibe a mensagem &quot;Authentication failed.&quot;" library="TestPractice_web">
<kw name="O sistema deve exibir mensagem de erro" library="AuthenticationPage">
<arguments>
<arg>${mensagem_erro}</arg>
</arguments>
<kw name="Get Text" library="SeleniumLibrary">
<doc>Returns the text value of element identified by ``locator``.</doc>
<arguments>
<arg>${MSG_EXIBIDA}</arg>
</arguments>
<assign>
<var>${mensagem_tela}</var>
</assign>
<msg timestamp="20200430 22:24:34.467" level="INFO">${mensagem_tela} = Authentication failed.</msg>
<status status="PASS" starttime="20200430 22:24:34.428" endtime="20200430 22:24:34.467"></status>
</kw>
<kw name="Should Be Equal" library="BuiltIn">
<doc>Fails if the given objects are unequal.</doc>
<arguments>
<arg>${mensagem_erro}</arg>
<arg>${mensagem_tela}</arg>
</arguments>
<status status="PASS" starttime="20200430 22:24:34.468" endtime="20200430 22:24:34.468"></status>
</kw>
<status status="PASS" starttime="20200430 22:24:34.427" endtime="20200430 22:24:34.468"></status>
</kw>
<status status="PASS" starttime="20200430 22:24:34.426" endtime="20200430 22:24:34.468"></status>
</kw>
<kw name="Finaliza teste" library="Common" type="teardown">
<kw name="Capture Page Screenshot" library="SeleniumLibrary">
<doc>Takes screenshot of the current page and embeds it into log file.</doc>
<msg timestamp="20200430 22:24:34.549" level="INFO" html="yes">&lt;/td&gt;&lt;/tr&gt;&lt;tr&gt;&lt;td colspan="3"&gt;&lt;a href="selenium-screenshot-4.png"&gt;&lt;img src="selenium-screenshot-4.png" width="800px"&gt;&lt;/a&gt;</msg>
<status status="PASS" starttime="20200430 22:24:34.469" endtime="20200430 22:24:34.549"></status>
</kw>
<status status="PASS" starttime="20200430 22:24:34.469" endtime="20200430 22:24:34.549"></status>
</kw>
<doc>RN03: O sistema deve validar os dados de login impedindo acesso inválido</doc>
<tags>
<tag>excecao</tag>
</tags>
<status status="PASS" starttime="20200430 22:24:26.858" endtime="20200430 22:24:34.549" critical="yes"></status>
</test>
<test id="s1-t4" name="CT004: Login inválido (email em branco)">
<kw name="Dado que estou na página de login" library="TestPractice_web">
<kw name="Acessar a home page da aplicação" library="HomePage">
<kw name="Run Keyword And Return Status" library="BuiltIn">
<doc>Runs the given keyword with given arguments and returns the status as a Boolean value.</doc>
<arguments>
<arg>element should be visible</arg>
<arg>${USER_LOGADO}</arg>
</arguments>
<assign>
<var>${campo_nome}</var>
</assign>
<kw name="Element Should Be Visible" library="SeleniumLibrary">
<doc>Verifies that the element identified by ``locator`` is visible.</doc>
<arguments>
<arg>${USER_LOGADO}</arg>
</arguments>
<kw name="Capture Page Screenshot" library="SeleniumLibrary">
<doc>Takes screenshot of the current page and embeds it into log file.</doc>
<msg timestamp="20200430 22:24:41.673" level="INFO" html="yes">&lt;/td&gt;&lt;/tr&gt;&lt;tr&gt;&lt;td colspan="3"&gt;&lt;a href="selenium-screenshot-5.png"&gt;&lt;img src="selenium-screenshot-5.png" width="800px"&gt;&lt;/a&gt;</msg>
<status status="PASS" starttime="20200430 22:24:41.573" endtime="20200430 22:24:41.673"></status>
</kw>
<msg timestamp="20200430 22:24:41.673" level="FAIL">Element with locator 'xpath=//a[@class='account']' not found.</msg>
<status status="FAIL" starttime="20200430 22:24:34.560" endtime="20200430 22:24:41.673"></status>
</kw>
<msg timestamp="20200430 22:24:41.673" level="INFO">${campo_nome} = False</msg>
<status status="PASS" starttime="20200430 22:24:34.560" endtime="20200430 22:24:41.673"></status>
</kw>
<kw name="Run Keyword If" library="BuiltIn">
<doc>Runs the given keyword with the given arguments, if ``condition`` is true.</doc>
<arguments>
<arg>${campo_nome}</arg>
<arg>Deslogar da aplicação</arg>
</arguments>
<status status="PASS" starttime="20200430 22:24:41.673" endtime="20200430 22:24:41.673"></status>
</kw>
<kw name="Go To" library="SeleniumLibrary">
<doc>Navigates the active browser instance to the provided ``url``.</doc>
<arguments>
<arg>${URL}</arg>
</arguments>
<msg timestamp="20200430 22:24:41.673" level="INFO">Opening url 'http://automationpractice.com/'</msg>
<status status="PASS" starttime="20200430 22:24:41.673" endtime="20200430 22:24:43.913"></status>
</kw>
<kw name="Title Should Be" library="SeleniumLibrary">
<doc>Verifies that current page title equals ``title``.</doc>
<arguments>
<arg>${TIULO_AUT_PAGINA}</arg>
</arguments>
<msg timestamp="20200430 22:24:43.913" level="INFO">Page title is 'My Store'.</msg>
<status status="PASS" starttime="20200430 22:24:43.913" endtime="20200430 22:24:43.913"></status>
</kw>
<status status="PASS" starttime="20200430 22:24:34.560" endtime="20200430 22:24:43.913"></status>
</kw>
<kw name="Navegar para a tela de Cadastro e login" library="HomePage">
<kw name="Click Link" library="SeleniumLibrary">
<doc>Clicks a link identified by ``locator``.</doc>
<arguments>
<arg>${BTN_AUT_LOGIN}</arg>
</arguments>
<msg timestamp="20200430 22:24:43.913" level="INFO">Clicking link 'xpath=//a[@class='login']'.</msg>
<status status="PASS" starttime="20200430 22:24:43.913" endtime="20200430 22:24:46.098"></status>
</kw>
<kw name="Wait Until Page Contains" library="SeleniumLibrary">
<doc>Waits until ``text`` appears on current page.</doc>
<arguments>
<arg>${LABEL_AUT_LOGIN}</arg>
</arguments>
<status status="PASS" starttime="20200430 22:24:46.098" endtime="20200430 22:24:46.135"></status>
</kw>
<status status="PASS" starttime="20200430 22:24:43.913" endtime="20200430 22:24:46.135"></status>
</kw>
<status status="PASS" starttime="20200430 22:24:34.559" endtime="20200430 22:24:46.135"></status>
</kw>
<kw name="Quando eu efetuo um login com dados inválidos" library="TestPractice_web">
<arguments>
<arg>${EMPTY}</arg>
<arg>${PASSWORD}</arg>
</arguments>
<kw name="Logar na aplicação" library="AuthenticationPage">
<arguments>
<arg>${email_login}</arg>
<arg>${pass_login}</arg>
</arguments>
<kw name="Input Text" library="SeleniumLibrary">
<doc>Types the given ``text`` into text field identified by ``locator``.</doc>
<arguments>
<arg>${CAMPO_EMAIL}</arg>
<arg>${email_login}</arg>
</arguments>
<msg timestamp="20200430 22:24:46.143" level="INFO">Typing text '' into text field 'id=email'.</msg>
<status status="PASS" starttime="20200430 22:24:46.135" endtime="20200430 22:24:46.180"></status>
</kw>
<kw name="Input Text" library="SeleniumLibrary">
<doc>Types the given ``text`` into text field identified by ``locator``.</doc>
<arguments>
<arg>${CAMPO_PASSWORD}</arg>
<arg>${pass_login}</arg>
</arguments>
<msg timestamp="20200430 22:24:46.181" level="INFO">Typing text 'pass123' into text field 'id=passwd'.</msg>
<status status="PASS" starttime="20200430 22:24:46.180" endtime="20200430 22:24:46.232"></status>
</kw>
<kw name="Click Button" library="SeleniumLibrary">
<doc>Clicks button identified by ``locator``.</doc>
<arguments>
<arg>${BTN_LOGIN}</arg>
</arguments>
<msg timestamp="20200430 22:24:46.233" level="INFO">Clicking button 'id=SubmitLogin'.</msg>
<status status="PASS" starttime="20200430 22:24:46.232" endtime="20200430 22:24:47.432"></status>
</kw>
<status status="PASS" starttime="20200430 22:24:46.135" endtime="20200430 22:24:47.432"></status>
</kw>
<status status="PASS" starttime="20200430 22:24:46.135" endtime="20200430 22:24:47.432"></status>
</kw>
<kw name="Então o sistema exibe a mensagem &quot;An email address required.&quot;" library="TestPractice_web">
<kw name="O sistema deve exibir mensagem de erro" library="AuthenticationPage">
<arguments>
<arg>${mensagem_erro}</arg>
</arguments>
<kw name="Get Text" library="SeleniumLibrary">
<doc>Returns the text value of element identified by ``locator``.</doc>
<arguments>
<arg>${MSG_EXIBIDA}</arg>
</arguments>
<assign>
<var>${mensagem_tela}</var>
</assign>
<msg timestamp="20200430 22:24:47.456" level="INFO">${mensagem_tela} = An email address required.</msg>
<status status="PASS" starttime="20200430 22:24:47.434" endtime="20200430 22:24:47.456"></status>
</kw>
<kw name="Should Be Equal" library="BuiltIn">
<doc>Fails if the given objects are unequal.</doc>
<arguments>
<arg>${mensagem_erro}</arg>
<arg>${mensagem_tela}</arg>
</arguments>
<status status="PASS" starttime="20200430 22:24:47.456" endtime="20200430 22:24:47.457"></status>
</kw>
<status status="PASS" starttime="20200430 22:24:47.433" endtime="20200430 22:24:47.457"></status>
</kw>
<status status="PASS" starttime="20200430 22:24:47.433" endtime="20200430 22:24:47.457"></status>
</kw>
<kw name="Finaliza teste" library="Common" type="teardown">
<kw name="Capture Page Screenshot" library="SeleniumLibrary">
<doc>Takes screenshot of the current page and embeds it into log file.</doc>
<msg timestamp="20200430 22:24:47.538" level="INFO" html="yes">&lt;/td&gt;&lt;/tr&gt;&lt;tr&gt;&lt;td colspan="3"&gt;&lt;a href="selenium-screenshot-6.png"&gt;&lt;img src="selenium-screenshot-6.png" width="800px"&gt;&lt;/a&gt;</msg>
<status status="PASS" starttime="20200430 22:24:47.458" endtime="20200430 22:24:47.538"></status>
</kw>
<status status="PASS" starttime="20200430 22:24:47.458" endtime="20200430 22:24:47.538"></status>
</kw>
<doc>RN03: O sistema deve validar os dados de login impedindo acesso inválido</doc>
<tags>
<tag>excecao</tag>
</tags>
<status status="PASS" starttime="20200430 22:24:34.558" endtime="20200430 22:24:47.538" critical="yes"></status>
</test>
<test id="s1-t5" name="CT005: Login inválido (password em branco)">
<kw name="Dado que estou na página de login" library="TestPractice_web">
<kw name="Acessar a home page da aplicação" library="HomePage">
<kw name="Run Keyword And Return Status" library="BuiltIn">
<doc>Runs the given keyword with given arguments and returns the status as a Boolean value.</doc>
<arguments>
<arg>element should be visible</arg>
<arg>${USER_LOGADO}</arg>
</arguments>
<assign>
<var>${campo_nome}</var>
</assign>
<kw name="Element Should Be Visible" library="SeleniumLibrary">
<doc>Verifies that the element identified by ``locator`` is visible.</doc>
<arguments>
<arg>${USER_LOGADO}</arg>
</arguments>
<kw name="Capture Page Screenshot" library="SeleniumLibrary">
<doc>Takes screenshot of the current page and embeds it into log file.</doc>
<msg timestamp="20200430 22:24:54.713" level="INFO" html="yes">&lt;/td&gt;&lt;/tr&gt;&lt;tr&gt;&lt;td colspan="3"&gt;&lt;a href="selenium-screenshot-7.png"&gt;&lt;img src="selenium-screenshot-7.png" width="800px"&gt;&lt;/a&gt;</msg>
<status status="PASS" starttime="20200430 22:24:54.559" endtime="20200430 22:24:54.713"></status>
</kw>
<msg timestamp="20200430 22:24:54.714" level="FAIL">Element with locator 'xpath=//a[@class='account']' not found.</msg>
<status status="FAIL" starttime="20200430 22:24:47.547" endtime="20200430 22:24:54.714"></status>
</kw>
<msg timestamp="20200430 22:24:54.714" level="INFO">${campo_nome} = False</msg>
<status status="PASS" starttime="20200430 22:24:47.547" endtime="20200430 22:24:54.714"></status>
</kw>
<kw name="Run Keyword If" library="BuiltIn">
<doc>Runs the given keyword with the given arguments, if ``condition`` is true.</doc>
<arguments>
<arg>${campo_nome}</arg>
<arg>Deslogar da aplicação</arg>
</arguments>
<status status="PASS" starttime="20200430 22:24:54.714" endtime="20200430 22:24:54.714"></status>
</kw>
<kw name="Go To" library="SeleniumLibrary">
<doc>Navigates the active browser instance to the provided ``url``.</doc>
<arguments>
<arg>${URL}</arg>
</arguments>
<msg timestamp="20200430 22:24:54.715" level="INFO">Opening url 'http://automationpractice.com/'</msg>
<status status="PASS" starttime="20200430 22:24:54.715" endtime="20200430 22:24:56.976"></status>
</kw>
<kw name="Title Should Be" library="SeleniumLibrary">
<doc>Verifies that current page title equals ``title``.</doc>
<arguments>
<arg>${TIULO_AUT_PAGINA}</arg>
</arguments>
<msg timestamp="20200430 22:24:56.991" level="INFO">Page title is 'My Store'.</msg>
<status status="PASS" starttime="20200430 22:24:56.976" endtime="20200430 22:24:56.991"></status>
</kw>
<status status="PASS" starttime="20200430 22:24:47.547" endtime="20200430 22:24:56.991"></status>
</kw>
<kw name="Navegar para a tela de Cadastro e login" library="HomePage">
<kw name="Click Link" library="SeleniumLibrary">
<doc>Clicks a link identified by ``locator``.</doc>
<arguments>
<arg>${BTN_AUT_LOGIN}</arg>
</arguments>
<msg timestamp="20200430 22:24:56.991" level="INFO">Clicking link 'xpath=//a[@class='login']'.</msg>
<status status="PASS" starttime="20200430 22:24:56.991" endtime="20200430 22:24:58.746"></status>
</kw>
<kw name="Wait Until Page Contains" library="SeleniumLibrary">
<doc>Waits until ``text`` appears on current page.</doc>
<arguments>
<arg>${LABEL_AUT_LOGIN}</arg>
</arguments>
<status status="PASS" starttime="20200430 22:24:58.746" endtime="20200430 22:24:58.762"></status>
</kw>
<status status="PASS" starttime="20200430 22:24:56.991" endtime="20200430 22:24:58.762"></status>
</kw>
<status status="PASS" starttime="20200430 22:24:47.546" endtime="20200430 22:24:58.762"></status>
</kw>
<kw name="Quando eu efetuo um login com dados inválidos" library="TestPractice_web">
<arguments>
<arg>${EMAIL}</arg>
<arg>${EMPTY}</arg>
</arguments>
<kw name="Logar na aplicação" library="AuthenticationPage">
<arguments>
<arg>${email_login}</arg>
<arg>${pass_login}</arg>
</arguments>
<kw name="Input Text" library="SeleniumLibrary">
<doc>Types the given ``text`` into text field identified by ``locator``.</doc>
<arguments>
<arg>${CAMPO_EMAIL}</arg>
<arg>${email_login}</arg>
</arguments>
<msg timestamp="20200430 22:24:58.765" level="INFO">Typing text 'smithsonya@gmail.com' into text field 'id=email'.</msg>
<status status="PASS" starttime="20200430 22:24:58.764" endtime="20200430 22:24:58.821"></status>
</kw>
<kw name="Input Text" library="SeleniumLibrary">
<doc>Types the given ``text`` into text field identified by ``locator``.</doc>
<arguments>
<arg>${CAMPO_PASSWORD}</arg>
<arg>${pass_login}</arg>
</arguments>
<msg timestamp="20200430 22:24:58.822" level="INFO">Typing text '' into text field 'id=passwd'.</msg>
<status status="PASS" starttime="20200430 22:24:58.822" endtime="20200430 22:24:58.856"></status>
</kw>
<kw name="Click Button" library="SeleniumLibrary">
<doc>Clicks button identified by ``locator``.</doc>
<arguments>
<arg>${BTN_LOGIN}</arg>
</arguments>
<msg timestamp="20200430 22:24:58.856" level="INFO">Clicking button 'id=SubmitLogin'.</msg>
<status status="PASS" starttime="20200430 22:24:58.856" endtime="20200430 22:25:00.058"></status>
</kw>
<status status="PASS" starttime="20200430 22:24:58.763" endtime="20200430 22:25:00.058"></status>
</kw>
<status status="PASS" starttime="20200430 22:24:58.763" endtime="20200430 22:25:00.058"></status>
</kw>
<kw name="Então o sistema exibe a mensagem &quot;Password is required.&quot;" library="TestPractice_web">
<kw name="O sistema deve exibir mensagem de erro" library="AuthenticationPage">
<arguments>
<arg>${mensagem_erro}</arg>
</arguments>
<kw name="Get Text" library="SeleniumLibrary">
<doc>Returns the text value of element identified by ``locator``.</doc>
<arguments>
<arg>${MSG_EXIBIDA}</arg>
</arguments>
<assign>
<var>${mensagem_tela}</var>
</assign>
<msg timestamp="20200430 22:25:00.089" level="INFO">${mensagem_tela} = Password is required.</msg>
<status status="PASS" starttime="20200430 22:25:00.063" endtime="20200430 22:25:00.089"></status>
</kw>
<kw name="Should Be Equal" library="BuiltIn">
<doc>Fails if the given objects are unequal.</doc>
<arguments>
<arg>${mensagem_erro}</arg>
<arg>${mensagem_tela}</arg>
</arguments>
<status status="PASS" starttime="20200430 22:25:00.089" endtime="20200430 22:25:00.090"></status>
</kw>
<status status="PASS" starttime="20200430 22:25:00.062" endtime="20200430 22:25:00.090"></status>
</kw>
<status status="PASS" starttime="20200430 22:25:00.062" endtime="20200430 22:25:00.090"></status>
</kw>
<kw name="Finaliza teste" library="Common" type="teardown">
<kw name="Capture Page Screenshot" library="SeleniumLibrary">
<doc>Takes screenshot of the current page and embeds it into log file.</doc>
<msg timestamp="20200430 22:25:00.174" level="INFO" html="yes">&lt;/td&gt;&lt;/tr&gt;&lt;tr&gt;&lt;td colspan="3"&gt;&lt;a href="selenium-screenshot-8.png"&gt;&lt;img src="selenium-screenshot-8.png" width="800px"&gt;&lt;/a&gt;</msg>
<status status="PASS" starttime="20200430 22:25:00.091" endtime="20200430 22:25:00.174"></status>
</kw>
<status status="PASS" starttime="20200430 22:25:00.090" endtime="20200430 22:25:00.174"></status>
</kw>
<doc>RN03: O sistema deve validar os dados de login impedindo acesso inválido</doc>
<tags>
<tag>excecao</tag>
</tags>
<status status="PASS" starttime="20200430 22:24:47.545" endtime="20200430 22:25:00.174" critical="yes"></status>
</test>
<kw name="Conclui cenario" library="Common" type="teardown">
<kw name="Close Browser" library="SeleniumLibrary">
<doc>Closes the current browser.</doc>
<status status="PASS" starttime="20200430 22:25:00.178" endtime="20200430 22:25:01.293"></status>
</kw>
<status status="PASS" starttime="20200430 22:25:00.177" endtime="20200430 22:25:01.293"></status>
</kw>
<doc>Cenários solicitados como avaliação de automação e boas práticas</doc>
<status status="PASS" starttime="20200430 22:23:51.165" endtime="20200430 22:25:01.293"></status>
</suite>
<statistics>
<total>
<stat pass="5" fail="0">Critical Tests</stat>
<stat pass="5" fail="0">All Tests</stat>
</total>
<tag>
<stat pass="3" fail="0">excecao</stat>
<stat pass="2" fail="0">smoke</stat>
</tag>
<suite>
<stat pass="5" fail="0" id="s1" name="Testpractice">Testpractice</stat>
</suite>
</statistics>
<errors>
</errors>
</robot>
